[2026-06-20T03:18:39.915Z] [INFO] 🤖 机器人 Bot 已上线！
[2026-06-20T03:21:05.795Z] [INFO] 🤖 机器人 Bot 已上线！
[2026-06-20T03:22:56.517Z] [INFO] 🤖 机器人 Bot 已上线！
[2026-06-20T03:25:38.037Z] [INFO] 🤖 机器人 Bot 已上线！
[2026-06-20T03:28:35.304Z] [INFO] 🤖 机器人 Bot 已上线！
[2026-06-20T03:30:55.694Z] [INFO] 🤖 机器人 Bot 已上线！
[2026-06-20T03:33:05.325Z] [INFO] 🤖 机器人 Bot 已上线！
[2026-06-20T03:38:41.368Z] [INFO] 🤖 机器人 Bot 已上线！
[2026-06-20T03:40:27.300Z] [INFO] 🔌 断开连接: 服务器关闭
[2026-06-20T03:40:27.305Z] [INFO] 🔄 将在 5.0 秒后尝试第 1 次重连 (延迟策略)
[2026-06-20T03:40:33.042Z] [INFO] 🔌 断开连接: 服务器关闭
[2026-06-20T03:40:33.045Z] [INFO] 🔄 将在 7.5 秒后尝试第 2 次重连 (延迟策略)
[2026-06-20T03:40:41.396Z] [INFO] 🤖 机器人 Bot 已上线！
[2026-06-20T03:40:44.919Z] [INFO] 🔌 断开连接: socketClosed
[2026-06-20T03:40:44.924Z] [INFO] 🔄 将在 5.0 秒后尝试第 1 次重连 (延迟策略)
[2026-06-20T03:40:45.851Z] [INFO] 🤖 机器人 Bot 已上线！
[2026-06-20T03:40:50.348Z] [INFO] 🔌 断开连接: socketClosed
[2026-06-20T03:40:50.351Z] [INFO] 🔄 将在 5.0 秒后尝试第 1 次重连 (延迟策略)
[2026-06-20T03:40:50.817Z] [INFO] 🤖 机器人 Bot 已上线！
[2026-06-20T03:40:55.832Z] [INFO] 🔌 断开连接: socketClosed
[2026-06-20T03:40:55.836Z] [INFO] 🔄 将在 5.0 秒后尝试第 1 次重连 (延迟策略)
[2026-06-20T03:40:56.264Z] [INFO] 🤖 机器人 Bot 已上线！
[2026-06-20T03:41:01.313Z] [INFO] 🔌 断开连接: socketClosed
[2026-06-20T03:41:01.314Z] [INFO] 🔄 将在 5.0 秒后尝试第 1 次重连 (延迟策略)
[2026-06-20T03:41:01.812Z] [INFO] 🤖 机器人 Bot 已上线！
[2026-06-20T03:41:06.798Z] [INFO] 🔌 断开连接: socketClosed
[2026-06-20T03:41:06.803Z] [INFO] 🔄 将在 5.0 秒后尝试第 1 次重连 (延迟策略)
[2026-06-20T03:41:07.255Z] [INFO] 🤖 机器人 Bot 已上线！
[2026-06-20T03:41:12.444Z] [INFO] 🔌 断开连接: socketClosed
[2026-06-20T03:41:12.446Z] [INFO] 🔄 将在 5.0 秒后尝试第 1 次重连 (延迟策略)
[2026-06-20T03:41:12.890Z] [INFO] 🤖 机器人 Bot 已上线！
[2026-06-20T03:41:19.913Z] [INFO] 🔌 断开连接: socketClosed
[2026-06-20T03:41:19.934Z] [INFO] 🔄 将在 5.0 秒后尝试第 1 次重连 (延迟策略)
[2026-06-20T03:41:19.944Z] [INFO] 🤖 机器人 Bot 已上线！
[2026-06-20T03:41:25.333Z] [INFO] 🔌 断开连接: socketClosed
[2026-06-20T03:41:25.336Z] [INFO] 🔄 将在 5.0 秒后尝试第 1 次重连 (延迟策略)
[2026-06-20T03:41:25.815Z] [INFO] 🤖 机器人 Bot 已上线！
[2026-06-20T03:41:30.744Z] [INFO] 🔌 断开连接: socketClosed
[2026-06-20T03:41:30.746Z] [INFO] 🔄 将在 5.0 秒后尝试第 1 次重连 (延迟策略)
[2026-06-20T03:41:31.166Z] [INFO] 🤖 机器人 Bot 已上线！
[2026-06-20T03:41:36.236Z] [INFO] 🔌 断开连接: socketClosed
[2026-06-20T03:41:36.239Z] [INFO] 🔄 将在 5.0 秒后尝试第 1 次重连 (延迟策略)
[2026-06-20T03:41:36.685Z] [INFO] 🤖 机器人 Bot 已上线！
[2026-06-20T03:41:43.116Z] [INFO] 🔌 断开连接: socketClosed
[2026-06-20T03:41:43.124Z] [INFO] 🔄 将在 5.0 秒后尝试第 1 次重连 (延迟策略)
[2026-06-20T03:41:43.507Z] [INFO] 🤖 机器人 Bot 已上线！
[2026-06-20T03:41:48.596Z] [INFO] 🔌 断开连接: socketClosed
[2026-06-20T03:41:48.622Z] [INFO] 🔄 将在 5.0 秒后尝试第 1 次重连 (延迟策略)
[2026-06-20T03:41:48.992Z] [INFO] 🤖 机器人 Bot 已上线！
[2026-06-20T03:41:54.087Z] [INFO] 🔌 断开连接: socketClosed
[2026-06-20T03:41:54.092Z] [INFO] 🔄 将在 5.0 秒后尝试第 1 次重连 (延迟策略)
[2026-06-20T03:41:54.503Z] [INFO] 🤖 机器人 Bot 已上线！
[2026-06-20T03:41:59.562Z] [INFO] 🔌 断开连接: socketClosed
[2026-06-20T03:41:59.564Z] [INFO] 🔄 将在 5.0 秒后尝试第 1 次重连 (延迟策略)
[2026-06-20T03:42:00.083Z] [INFO] 🤖 机器人 Bot 已上线！
[2026-06-20T03:42:05.086Z] [ERROR] ❌ 错误: write ECONNABORTED
[2026-06-20T03:42:05.093Z] [INFO] 🔌 断开连接: socketClosed
[2026-06-20T03:42:05.110Z] [INFO] 🔄 将在 5.0 秒后尝试第 1 次重连 (延迟策略)
[2026-06-20T03:42:05.602Z] [INFO] 🤖 机器人 Bot 已上线！
[2026-06-20T03:42:10.609Z] [INFO] 🔌 断开连接: socketClosed
[2026-06-20T03:42:10.615Z] [INFO] 🔄 将在 5.0 秒后尝试第 1 次重连 (延迟策略)
[2026-06-20T03:42:11.086Z] [INFO] 🤖 机器人 Bot 已上线！
[2026-06-20T03:42:16.342Z] [INFO] 🔌 断开连接: socketClosed
[2026-06-20T03:42:16.347Z] [INFO] 🔄 将在 5.0 秒后尝试第 1 次重连 (延迟策略)
[2026-06-20T03:42:16.856Z] [INFO] 🤖 机器人 Bot 已上线！
[2026-06-20T03:42:22.213Z] [ERROR] ❌ 错误: write ECONNABORTED
[2026-06-20T03:42:22.220Z] [INFO] 🔌 断开连接: socketClosed
[2026-06-20T03:42:22.225Z] [INFO] 🔄 将在 5.0 秒后尝试第 1 次重连 (延迟策略)
[2026-06-20T03:42:22.561Z] [INFO] 🤖 机器人 Bot 已上线！
[2026-06-20T03:42:27.640Z] [INFO] 🔌 断开连接: socketClosed
[2026-06-20T03:42:27.653Z] [INFO] 🔄 将在 5.0 秒后尝试第 1 次重连 (延迟策略)
[2026-06-20T03:42:28.093Z] [INFO] 🤖 机器人 Bot 已上线！
[2026-06-20T03:42:33.483Z] [ERROR] ❌ 错误: write ECONNABORTED
[2026-06-20T03:42:33.532Z] [INFO] 🔌 断开连接: socketClosed
[2026-06-20T03:42:33.536Z] [INFO] 🔄 将在 5.0 秒后尝试第 1 次重连 (延迟策略)
[2026-06-20T03:42:33.996Z] [INFO] 🤖 机器人 Bot 已上线！
[2026-06-20T03:42:39.151Z] [INFO] 🔌 断开连接: socketClosed
[2026-06-20T03:42:39.155Z] [INFO] 🔄 将在 5.0 秒后尝试第 1 次重连 (延迟策略)
[2026-06-20T03:42:39.683Z] [INFO] 🤖 机器人 Bot 已上线！
[2026-06-20T03:42:47.027Z] [INFO] 🔌 断开连接: socketClosed
[2026-06-20T03:42:47.032Z] [INFO] 🔄 将在 5.0 秒后尝试第 1 次重连 (延迟策略)
[2026-06-20T03:42:47.501Z] [INFO] 🤖 机器人 Bot 已上线！
[2026-06-20T03:42:52.597Z] [INFO] 🔌 断开连接: socketClosed
[2026-06-20T03:42:52.602Z] [INFO] 🔄 将在 5.0 秒后尝试第 1 次重连 (延迟策略)
[2026-06-20T03:42:53.289Z] [INFO] 🤖 机器人 Bot 已上线！
[2026-06-20T03:42:58.916Z] [ERROR] ❌ 错误: write ECONNRESET
[2026-06-20T03:42:58.927Z] [INFO] 🔌 断开连接: socketClosed
[2026-06-20T03:42:58.934Z] [INFO] 🔄 将在 5.0 秒后尝试第 1 次重连 (延迟策略)
[2026-06-20T03:42:59.379Z] [INFO] 🤖 机器人 Bot 已上线！
[2026-06-20T03:43:05.081Z] [ERROR] ❌ 错误: write ECONNABORTED
[2026-06-20T03:43:05.107Z] [INFO] 🔌 断开连接: socketClosed
[2026-06-20T03:43:05.122Z] [INFO] 🔄 将在 5.0 秒后尝试第 1 次重连 (延迟策略)
[2026-06-20T03:43:05.384Z] [INFO] 🤖 机器人 Bot 已上线！
[2026-06-20T03:43:10.538Z] [INFO] 🔌 断开连接: socketClosed
[2026-06-20T03:43:10.540Z] [INFO] 🔄 将在 5.0 秒后尝试第 1 次重连 (延迟策略)
[2026-06-20T03:43:10.960Z] [INFO] 🤖 机器人 Bot 已上线！
[2026-06-20T03:43:15.936Z] [INFO] 🔌 断开连接: socketClosed
[2026-06-20T03:43:15.940Z] [INFO] 🔄 将在 5.0 秒后尝试第 1 次重连 (延迟策略)
[2026-06-20T03:43:16.376Z] [INFO] 🤖 机器人 Bot 已上线！
[2026-06-20T03:43:21.404Z] [INFO] 🔌 断开连接: socketClosed
[2026-06-20T03:43:21.409Z] [INFO] 🔄 将在 5.0 秒后尝试第 1 次重连 (延迟策略)
[2026-06-20T03:43:21.867Z] [INFO] 🤖 机器人 Bot 已上线！
[2026-06-20T03:43:26.851Z] [INFO] 🔌 断开连接: socketClosed
[2026-06-20T03:43:26.860Z] [INFO] 🔄 将在 5.0 秒后尝试第 1 次重连 (延迟策略)
[2026-06-20T03:43:27.380Z] [INFO] 🤖 机器人 Bot 已上线！
[2026-06-20T03:43:32.300Z] [INFO] 🔌 断开连接: socketClosed
[2026-06-20T03:43:32.310Z] [INFO] 🔄 将在 5.0 秒后尝试第 1 次重连 (延迟策略)
[2026-06-20T03:43:32.780Z] [INFO] 🤖 机器人 Bot 已上线！
[2026-06-20T03:43:37.724Z] [INFO] 🔌 断开连接: socketClosed
[2026-06-20T03:43:37.729Z] [INFO] 🔄 将在 5.0 秒后尝试第 1 次重连 (延迟策略)
[2026-06-20T03:43:38.146Z] [INFO] 🤖 机器人 Bot 已上线！
[2026-06-20T03:43:43.189Z] [INFO] 🔌 断开连接: socketClosed
[2026-06-20T03:43:43.192Z] [INFO] 🔄 将在 5.0 秒后尝试第 1 次重连 (延迟策略)
[2026-06-20T03:43:43.645Z] [INFO] 🤖 机器人 Bot 已上线！
[2026-06-20T03:43:50.628Z] [INFO] 🔌 断开连接: socketClosed
[2026-06-20T03:43:50.630Z] [INFO] 🔄 将在 5.0 秒后尝试第 1 次重连 (延迟策略)
[2026-06-20T03:43:51.080Z] [INFO] 🤖 机器人 Bot 已上线！
[2026-06-20T03:43:56.121Z] [INFO] 🔌 断开连接: socketClosed
[2026-06-20T03:43:56.125Z] [INFO] 🔄 将在 5.0 秒后尝试第 1 次重连 (延迟策略)
[2026-06-20T03:43:56.580Z] [INFO] 🤖 机器人 Bot 已上线！
[2026-06-20T03:44:02.111Z] [ERROR] ❌ 错误: read ECONNRESET
[2026-06-20T03:44:02.115Z] [INFO] 🔌 断开连接: socketClosed
[2026-06-20T03:44:02.122Z] [INFO] 🔄 将在 5.0 秒后尝试第 1 次重连 (延迟策略)
[2026-06-20T03:44:02.466Z] [INFO] 🤖 机器人 Bot 已上线！
[2026-06-20T03:44:07.568Z] [INFO] 🔌 断开连接: socketClosed
[2026-06-20T03:44:07.593Z] [INFO] 🔄 将在 5.0 秒后尝试第 1 次重连 (延迟策略)
[2026-06-20T03:44:08.137Z] [INFO] 🤖 机器人 Bot 已上线！
[2026-06-20T03:44:13.468Z] [INFO] 🔌 断开连接: socketClosed
[2026-06-20T03:44:13.470Z] [INFO] 🔄 将在 5.0 秒后尝试第 1 次重连 (延迟策略)
[2026-06-20T03:44:13.877Z] [INFO] 🤖 机器人 Bot 已上线！
[2026-06-20T03:44:18.943Z] [INFO] 🔌 断开连接: socketClosed
[2026-06-20T03:44:18.946Z] [INFO] 🔄 将在 5.0 秒后尝试第 1 次重连 (延迟策略)
[2026-06-20T03:44:19.342Z] [INFO] 🤖 机器人 Bot 已上线！
[2026-06-20T03:44:24.452Z] [INFO] 🔌 断开连接: socketClosed
[2026-06-20T03:44:24.456Z] [INFO] 🔄 将在 5.0 秒后尝试第 1 次重连 (延迟策略)
[2026-06-20T03:44:24.836Z] [INFO] 🤖 机器人 Bot 已上线！
[2026-06-20T03:44:29.936Z] [INFO] 🔌 断开连接: socketClosed
[2026-06-20T03:44:29.938Z] [INFO] 🔄 将在 5.0 秒后尝试第 1 次重连 (延迟策略)
[2026-06-20T03:44:30.341Z] [INFO] 🤖 机器人 Bot 已上线！
[2026-06-20T03:44:35.773Z] [INFO] 🔌 断开连接: socketClosed
[2026-06-20T03:44:35.786Z] [INFO] 🔄 将在 5.0 秒后尝试第 1 次重连 (延迟策略)
[2026-06-20T03:44:36.095Z] [INFO] 🤖 机器人 Bot 已上线！
[2026-06-20T03:44:41.361Z] [INFO] 🔌 断开连接: socketClosed
[2026-06-20T03:44:41.366Z] [INFO] 🔄 将在 5.0 秒后尝试第 1 次重连 (延迟策略)
[2026-06-20T03:44:41.792Z] [INFO] 🤖 机器人 Bot 已上线！
[2026-06-20T03:44:47.032Z] [INFO] 🔌 断开连接: socketClosed
[2026-06-20T03:44:47.042Z] [INFO] 🔄 将在 5.0 秒后尝试第 1 次重连 (延迟策略)
[2026-06-20T03:44:48.078Z] [INFO] 🤖 机器人 Bot 已上线！
[2026-06-20T03:44:54.491Z] [INFO] 🔌 断开连接: socketClosed
[2026-06-20T03:44:54.499Z] [INFO] 🔄 将在 5.0 秒后尝试第 1 次重连 (延迟策略)
[2026-06-20T03:44:54.955Z] [INFO] 🤖 机器人 Bot 已上线！
[2026-06-20T03:45:00.242Z] [INFO] 🔌 断开连接: socketClosed
[2026-06-20T03:45:00.261Z] [INFO] 🔄 将在 5.0 秒后尝试第 1 次重连 (延迟策略)
[2026-06-20T03:45:00.794Z] [INFO] 🤖 机器人 Bot 已上线！
[2026-06-20T03:45:06.164Z] [ERROR] ❌ 错误: write ECONNABORTED
[2026-06-20T03:45:06.215Z] [INFO] 🔌 断开连接: socketClosed
[2026-06-20T03:45:06.288Z] [INFO] 🔄 将在 5.0 秒后尝试第 1 次重连 (延迟策略)
[2026-06-20T03:45:06.483Z] [INFO] 🤖 机器人 Bot 已上线！
[2026-06-20T03:45:12.248Z] [INFO] 🔌 断开连接: socketClosed
[2026-06-20T03:45:12.257Z] [INFO] 🔄 将在 5.0 秒后尝试第 1 次重连 (延迟策略)
[2026-06-20T03:45:12.656Z] [INFO] 🤖 机器人 Bot 已上线！
[2026-06-20T03:45:17.737Z] [ERROR] ❌ 错误: write ECONNABORTED
[2026-06-20T03:45:17.743Z] [INFO] 🔌 断开连接: socketClosed
[2026-06-20T03:45:17.745Z] [INFO] 🔄 将在 5.0 秒后尝试第 1 次重连 (延迟策略)
[2026-06-20T03:45:18.080Z] [INFO] 🤖 机器人 Bot 已上线！
[2026-06-20T03:45:23.190Z] [INFO] 🔌 断开连接: socketClosed
[2026-06-20T03:45:23.193Z] [INFO] 🔄 将在 5.0 秒后尝试第 1 次重连 (延迟策略)
[2026-06-20T03:45:23.658Z] [INFO] 🤖 机器人 Bot 已上线！
[2026-06-20T03:45:28.590Z] [INFO] 🔌 断开连接: socketClosed
[2026-06-20T03:45:28.592Z] [INFO] 🔄 将在 5.0 秒后尝试第 1 次重连 (延迟策略)
[2026-06-20T03:45:29.014Z] [INFO] 🤖 机器人 Bot 已上线！
[2026-06-20T03:45:34.037Z] [INFO] 🔌 断开连接: socketClosed
[2026-06-20T03:45:34.044Z] [INFO] 🔄 将在 5.0 秒后尝试第 1 次重连 (延迟策略)
[2026-06-20T03:45:34.554Z] [INFO] 🤖 机器人 Bot 已上线！
[2026-06-20T03:45:39.566Z] [INFO] 🔌 断开连接: socketClosed
[2026-06-20T03:45:39.568Z] [INFO] 🔄 将在 5.0 秒后尝试第 1 次重连 (延迟策略)
[2026-06-20T03:45:39.979Z] [INFO] 🤖 机器人 Bot 已上线！
[2026-06-20T03:45:45.023Z] [INFO] 🔌 断开连接: socketClosed
[2026-06-20T03:45:45.026Z] [INFO] 🔄 将在 5.0 秒后尝试第 1 次重连 (延迟策略)
[2026-06-20T03:45:45.451Z] [INFO] 🤖 机器人 Bot 已上线！
[2026-06-20T03:45:50.580Z] [INFO] 🔌 断开连接: socketClosed
[2026-06-20T03:45:50.586Z] [INFO] 🔄 将在 5.0 秒后尝试第 1 次重连 (延迟策略)
[2026-06-20T03:45:50.983Z] [INFO] 🤖 机器人 Bot 已上线！
[2026-06-20T03:45:58.376Z] [INFO] 🔌 断开连接: socketClosed
[2026-06-20T03:45:58.379Z] [INFO] 🔄 将在 5.0 秒后尝试第 1 次重连 (延迟策略)
[2026-06-20T03:45:58.868Z] [INFO] 🤖 机器人 Bot 已上线！
[2026-06-20T03:46:03.887Z] [INFO] 🔌 断开连接: socketClosed
[2026-06-20T03:46:03.909Z] [INFO] 🔄 将在 5.0 秒后尝试第 1 次重连 (延迟策略)
[2026-06-20T03:46:04.408Z] [INFO] 🤖 机器人 Bot 已上线！
[2026-06-20T03:46:09.388Z] [INFO] 🔌 断开连接: socketClosed
[2026-06-20T03:46:09.395Z] [INFO] 🔄 将在 5.0 秒后尝试第 1 次重连 (延迟策略)
[2026-06-20T03:46:09.865Z] [INFO] 🤖 机器人 Bot 已上线！
[2026-06-20T03:46:15.270Z] [INFO] 🔌 断开连接: socketClosed
[2026-06-20T03:46:15.273Z] [INFO] 🔄 将在 5.0 秒后尝试第 1 次重连 (延迟策略)
[2026-06-20T03:46:15.685Z] [INFO] 🤖 机器人 Bot 已上线！
[2026-06-20T03:46:20.747Z] [INFO] 🔌 断开连接: socketClosed
[2026-06-20T03:46:20.753Z] [INFO] 🔄 将在 5.0 秒后尝试第 1 次重连 (延迟策略)
[2026-06-20T03:46:21.093Z] [INFO] 🤖 机器人 Bot 已上线！
[2026-06-20T03:46:26.194Z] [INFO] 🔌 断开连接: socketClosed
[2026-06-20T03:46:26.199Z] [INFO] 🔄 将在 5.0 秒后尝试第 1 次重连 (延迟策略)
[2026-06-20T03:46:26.634Z] [INFO] 🤖 机器人 Bot 已上线！
[2026-06-20T03:46:31.947Z] [ERROR] ❌ 错误: read ECONNRESET
[2026-06-20T03:46:31.985Z] [INFO] 🔌 断开连接: socketClosed
[2026-06-20T03:46:31.997Z] [INFO] 🔄 将在 5.0 秒后尝试第 1 次重连 (延迟策略)
[2026-06-20T03:46:32.157Z] [INFO] 🤖 机器人 Bot 已上线！
[2026-06-20T03:46:37.877Z] [INFO] 🤖 机器人 Bot 已上线！
[2026-06-20T03:46:40.183Z] [INFO] 🔌 断开连接: socketClosed
[2026-06-20T03:46:40.186Z] [INFO] 🔄 将在 5.0 秒后尝试第 1 次重连 (延迟策略)
[2026-06-20T03:46:41.108Z] [INFO] 🤖 机器人 Bot 已上线！
[2026-06-20T03:46:45.649Z] [INFO] 🔌 断开连接: socketClosed
[2026-06-20T03:46:45.657Z] [INFO] 🔄 将在 5.0 秒后尝试第 1 次重连 (延迟策略)
[2026-06-20T03:46:46.151Z] [INFO] 🤖 机器人 Bot 已上线！
[2026-06-20T03:46:51.039Z] [INFO] 🔌 断开连接: socketClosed
[2026-06-20T03:46:51.042Z] [INFO] 🔄 将在 5.0 秒后尝试第 1 次重连 (延迟策略)
[2026-06-20T03:46:51.523Z] [INFO] 🤖 机器人 Bot 已上线！
[2026-06-20T03:46:56.488Z] [INFO] 🔌 断开连接: socketClosed
[2026-06-20T03:46:56.492Z] [INFO] 🔄 将在 5.0 秒后尝试第 1 次重连 (延迟策略)
[2026-06-20T03:46:56.935Z] [INFO] 🤖 机器人 Bot 已上线！
[2026-06-20T03:47:04.129Z] [INFO] 🔌 断开连接: socketClosed
[2026-06-20T03:47:04.131Z] [INFO] 🔄 将在 5.0 秒后尝试第 1 次重连 (延迟策略)
[2026-06-20T03:47:04.711Z] [INFO] 🤖 机器人 Bot 已上线！
[2026-06-20T03:47:09.563Z] [INFO] 🔌 断开连接: socketClosed
[2026-06-20T03:47:09.576Z] [INFO] 🔄 将在 5.0 秒后尝试第 1 次重连 (延迟策略)
[2026-06-20T03:47:09.953Z] [INFO] 🤖 机器人 Bot 已上线！
[2026-06-20T03:47:14.986Z] [INFO] 🔌 断开连接: socketClosed
[2026-06-20T03:47:14.989Z] [INFO] 🔄 将在 5.0 秒后尝试第 1 次重连 (延迟策略)
[2026-06-20T03:47:15.378Z] [INFO] 🤖 机器人 Bot 已上线！
[2026-06-20T03:47:21.655Z] [ERROR] ❌ 错误: write ECONNRESET
[2026-06-20T03:47:21.661Z] [INFO] 🤖 机器人 Bot 已上线！
[2026-06-20T03:47:21.685Z] [INFO] 🔌 断开连接: socketClosed
[2026-06-20T03:47:21.724Z] [INFO] 🔄 将在 5.0 秒后尝试第 1 次重连 (延迟策略)
[2026-06-20T03:47:27.488Z] [INFO] 🔌 断开连接: socketClosed
[2026-06-20T03:47:27.501Z] [INFO] 🔄 将在 5.0 秒后尝试第 1 次重连 (延迟策略)
[2026-06-20T03:47:27.960Z] [INFO] 🤖 机器人 Bot 已上线！
[2026-06-20T03:47:33.300Z] [ERROR] ❌ 错误: write ECONNABORTED
[2026-06-20T03:47:33.351Z] [INFO] 🔌 断开连接: socketClosed
[2026-06-20T03:47:33.362Z] [INFO] 🔄 将在 5.0 秒后尝试第 1 次重连 (延迟策略)
[2026-06-20T03:47:33.607Z] [INFO] 🤖 机器人 Bot 已上线！
[2026-06-20T03:47:39.071Z] [INFO] 🔌 断开连接: socketClosed
[2026-06-20T03:47:39.075Z] [INFO] 🔄 将在 5.0 秒后尝试第 1 次重连 (延迟策略)
[2026-06-20T03:47:39.565Z] [INFO] 🤖 机器人 Bot 已上线！
[2026-06-20T03:47:44.720Z] [ERROR] ❌ 错误: write ECONNABORTED
[2026-06-20T03:47:44.726Z] [INFO] 🔌 断开连接: socketClosed
[2026-06-20T03:47:44.769Z] [INFO] 🔄 将在 5.0 秒后尝试第 1 次重连 (延迟策略)
[2026-06-20T03:47:44.995Z] [INFO] 🤖 机器人 Bot 已上线！
[2026-06-20T03:47:50.634Z] [ERROR] ❌ 错误: write ECONNRESET
[2026-06-20T03:47:50.655Z] [INFO] 🔌 断开连接: socketClosed
[2026-06-20T03:47:50.694Z] [INFO] 🔄 将在 5.0 秒后尝试第 1 次重连 (延迟策略)
[2026-06-20T03:47:50.984Z] [INFO] 🤖 机器人 Bot 已上线！
[2026-06-20T03:47:56.353Z] [ERROR] ❌ 错误: write ECONNRESET
[2026-06-20T03:47:56.356Z] [INFO] 🔌 断开连接: socketClosed
[2026-06-20T03:47:56.359Z] [INFO] 🔄 将在 5.0 秒后尝试第 1 次重连 (延迟策略)
[2026-06-20T03:47:56.721Z] [INFO] 🤖 机器人 Bot 已上线！
[2026-06-20T03:48:02.153Z] [ERROR] ❌ 错误: write ECONNABORTED
[2026-06-20T03:48:02.195Z] [INFO] 🔌 断开连接: socketClosed
[2026-06-20T03:48:02.208Z] [INFO] 🔄 将在 5.0 秒后尝试第 1 次重连 (延迟策略)
[2026-06-20T03:48:02.563Z] [INFO] 🤖 机器人 Bot 已上线！
[2026-06-20T03:48:09.878Z] [INFO] 🔌 断开连接: socketClosed
[2026-06-20T03:48:09.883Z] [INFO] 🔄 将在 5.0 秒后尝试第 1 次重连 (延迟策略)
[2026-06-20T03:48:10.300Z] [INFO] 🤖 机器人 Bot 已上线！
[2026-06-20T03:48:15.340Z] [INFO] 🔌 断开连接: 服务器关闭
[2026-06-20T03:48:15.345Z] [INFO] 🔄 将在 5.0 秒后尝试第 1 次重连 (延迟策略)
[2026-06-20T03:48:21.574Z] [INFO] 🤖 机器人 Bot 已上线！
[2026-06-20T03:48:44.066Z] [INFO] 🔌 断开连接: 服务器关闭
[2026-06-20T03:48:44.069Z] [INFO] 🔄 将在 5.0 秒后尝试第 1 次重连 (延迟策略)
[2026-06-20T03:48:49.881Z] [INFO] 🤖 机器人 Bot 已上线！
[2026-06-20T03:48:53.109Z] [INFO] 🔌 断开连接: 服务器关闭
[2026-06-20T03:48:53.112Z] [INFO] 🔄 将在 5.0 秒后尝试第 1 次重连 (延迟策略)
[2026-06-20T03:48:58.933Z] [INFO] 🤖 机器人 Bot 已上线！
[2026-06-20T03:49:07.674Z] [INFO] 🔌 断开连接: socketClosed
[2026-06-20T03:49:07.676Z] [INFO] 🔄 将在 5.0 秒后尝试第 1 次重连 (延迟策略)
[2026-06-20T03:49:08.527Z] [INFO] 🤖 机器人 Bot 已上线！
[2026-06-20T03:49:15.530Z] [INFO] 🔌 断开连接: socketClosed
[2026-06-20T03:49:15.533Z] [INFO] 🔄 将在 5.0 秒后尝试第 1 次重连 (延迟策略)
[2026-06-20T03:49:15.921Z] [INFO] 🤖 机器人 Bot 已上线！
[2026-06-20T03:49:21.141Z] [INFO] 🔌 断开连接: socketClosed
[2026-06-20T03:49:21.147Z] [INFO] 🔄 将在 5.0 秒后尝试第 1 次重连 (延迟策略)
[2026-06-20T03:49:21.583Z] [INFO] 🤖 机器人 Bot 已上线！
[2026-06-20T03:49:26.720Z] [ERROR] ❌ 错误: write ECONNABORTED
[2026-06-20T03:49:26.756Z] [INFO] 🔌 断开连接: socketClosed
[2026-06-20T03:49:26.760Z] [INFO] 🔄 将在 5.0 秒后尝试第 1 次重连 (延迟策略)
[2026-06-20T03:49:26.960Z] [INFO] 🤖 机器人 Bot 已上线！
[2026-06-20T03:49:32.454Z] [INFO] 🔌 断开连接: socketClosed
[2026-06-20T03:49:32.461Z] [INFO] 🔄 将在 5.0 秒后尝试第 1 次重连 (延迟策略)
[2026-06-20T03:49:32.593Z] [INFO] 🤖 机器人 Bot 已上线！
[2026-06-20T03:49:37.884Z] [INFO] 🔌 断开连接: socketClosed
[2026-06-20T03:49:37.897Z] [INFO] 🔄 将在 5.0 秒后尝试第 1 次重连 (延迟策略)
[2026-06-20T03:49:38.336Z] [INFO] 🤖 机器人 Bot 已上线！
[2026-06-20T03:49:43.398Z] [INFO] 🔌 断开连接: socketClosed
[2026-06-20T03:49:43.400Z] [INFO] 🔄 将在 5.0 秒后尝试第 1 次重连 (延迟策略)
[2026-06-20T03:49:43.972Z] [INFO] 🤖 机器人 Bot 已上线！
[2026-06-20T03:49:48.834Z] [INFO] 🔌 断开连接: socketClosed
[2026-06-20T03:49:48.839Z] [INFO] 🔄 将在 5.0 秒后尝试第 1 次重连 (延迟策略)
[2026-06-20T03:49:49.316Z] [INFO] 🤖 机器人 Bot 已上线！
[2026-06-20T03:49:54.282Z] [INFO] 🔌 断开连接: socketClosed
[2026-06-20T03:49:54.286Z] [INFO] 🔄 将在 5.0 秒后尝试第 1 次重连 (延迟策略)
[2026-06-20T03:49:54.887Z] [INFO] 🤖 机器人 Bot 已上线！
[2026-06-20T03:49:59.683Z] [INFO] 🔌 断开连接: socketClosed
[2026-06-20T03:49:59.687Z] [INFO] 🔄 将在 5.0 秒后尝试第 1 次重连 (延迟策略)
[2026-06-20T03:50:00.127Z] [INFO] 🤖 机器人 Bot 已上线！
[2026-06-20T03:50:05.540Z] [INFO] 🔌 断开连接: socketClosed
[2026-06-20T03:50:05.543Z] [INFO] 🔄 将在 5.0 秒后尝试第 1 次重连 (延迟策略)
[2026-06-20T03:50:05.939Z] [INFO] 🤖 机器人 Bot 已上线！
[2026-06-20T03:50:11.097Z] [INFO] 🔌 断开连接: socketClosed
[2026-06-20T03:50:11.122Z] [INFO] 🔄 将在 5.0 秒后尝试第 1 次重连 (延迟策略)
[2026-06-20T03:50:11.498Z] [INFO] 🤖 机器人 Bot 已上线！
[2026-06-20T03:50:18.229Z] [INFO] 🔌 断开连接: socketClosed
[2026-06-20T03:50:18.234Z] [INFO] 🔄 将在 5.0 秒后尝试第 1 次重连 (延迟策略)
[2026-06-20T03:50:18.706Z] [INFO] 🤖 机器人 Bot 已上线！
[2026-06-20T03:50:24.174Z] [ERROR] ❌ 错误: write ECONNRESET
[2026-06-20T03:50:24.178Z] [INFO] 🔌 断开连接: socketClosed
[2026-06-20T03:50:24.181Z] [INFO] 🔄 将在 5.0 秒后尝试第 1 次重连 (延迟策略)
[2026-06-20T03:50:24.597Z] [INFO] 🤖 机器人 Bot 已上线！
[2026-06-20T03:50:30.080Z] [INFO] 🤖 机器人 Bot 已上线！
[2026-06-20T03:50:53.191Z] [INFO] 🔌 断开连接: 服务器关闭
[2026-06-20T03:50:53.193Z] [INFO] 🔄 将在 5.0 秒后尝试第 1 次重连 (延迟策略)
[2026-06-20T03:50:59.078Z] [INFO] 🤖 机器人 Bot 已上线！
[2026-06-20T03:50:59.442Z] [INFO] 🔌 断开连接: socketClosed
[2026-06-20T03:50:59.446Z] [INFO] 🔄 将在 5.0 秒后尝试第 1 次重连 (延迟策略)
[2026-06-20T03:51:00.275Z] [INFO] 🤖 机器人 Bot 已上线！
[2026-06-20T03:51:04.906Z] [INFO] 🔌 断开连接: socketClosed
[2026-06-20T03:51:04.920Z] [INFO] 🔄 将在 5.0 秒后尝试第 1 次重连 (延迟策略)
[2026-06-20T03:51:05.329Z] [INFO] 🤖 机器人 Bot 已上线！
[2026-06-20T03:51:10.476Z] [INFO] 🔌 断开连接: socketClosed
[2026-06-20T03:51:10.526Z] [INFO] 🔄 将在 5.0 秒后尝试第 1 次重连 (延迟策略)
[2026-06-20T03:51:10.960Z] [INFO] 🤖 机器人 Bot 已上线！
[2026-06-20T03:51:18.149Z] [INFO] 🔌 断开连接: socketClosed
[2026-06-20T03:51:18.166Z] [INFO] 🤖 机器人 Bot 已上线！
[2026-06-20T03:51:18.175Z] [INFO] 🔄 将在 5.0 秒后尝试第 1 次重连 (延迟策略)
[2026-06-20T03:51:25.778Z] [INFO] 🔌 断开连接: socketClosed
[2026-06-20T03:51:25.787Z] [INFO] 🔄 将在 5.0 秒后尝试第 1 次重连 (延迟策略)
[2026-06-20T03:51:26.366Z] [INFO] 🤖 机器人 Bot 已上线！
[2026-06-20T03:51:31.181Z] [INFO] 🔌 断开连接: socketClosed
[2026-06-20T03:51:31.191Z] [INFO] 🔄 将在 5.0 秒后尝试第 1 次重连 (延迟策略)
[2026-06-20T03:51:31.691Z] [INFO] 🤖 机器人 Bot 已上线！
[2026-06-20T03:51:36.660Z] [INFO] 🔌 断开连接: socketClosed
[2026-06-20T03:51:36.700Z] [INFO] 🔄 将在 5.0 秒后尝试第 1 次重连 (延迟策略)
[2026-06-20T03:51:37.053Z] [INFO] 🤖 机器人 Bot 已上线！
[2026-06-20T03:51:42.693Z] [ERROR] ❌ 错误: write ECONNABORTED
[2026-06-20T03:51:42.702Z] [INFO] 🔌 断开连接: socketClosed
[2026-06-20T03:51:42.704Z] [INFO] 🔄 将在 5.0 秒后尝试第 1 次重连 (延迟策略)
[2026-06-20T03:51:42.843Z] [INFO] 🤖 机器人 Bot 已上线！
[2026-06-20T03:51:48.377Z] [ERROR] ❌ 错误: write ECONNABORTED
[2026-06-20T03:51:48.441Z] [INFO] 🔌 断开连接: socketClosed
[2026-06-20T03:51:48.551Z] [INFO] 🔄 将在 5.0 秒后尝试第 1 次重连 (延迟策略)
[2026-06-20T03:51:48.750Z] [INFO] 🤖 机器人 Bot 已上线！
[2026-06-20T03:51:54.126Z] [ERROR] ❌ 错误: read ECONNRESET
[2026-06-20T03:51:54.153Z] [INFO] 🔌 断开连接: socketClosed
[2026-06-20T03:51:54.162Z] [INFO] 🔄 将在 5.0 秒后尝试第 1 次重连 (延迟策略)
[2026-06-20T03:51:54.992Z] [INFO] 🤖 机器人 Bot 已上线！
[2026-06-20T03:52:32.308Z] [INFO] 🤖 机器人 Bot 已上线！
[2026-06-20T03:52:57.278Z] [INFO] 💀 玩家死亡，将在 3.3 秒后重生
[2026-06-20T03:53:00.814Z] [INFO] 🔄 已发送重生请求
[2026-06-20T03:53:08.475Z] [INFO] 💀 玩家死亡，将在 4.0 秒后重生
[2026-06-20T03:53:12.719Z] [INFO] 🔄 已发送重生请求
[2026-06-20T03:53:25.455Z] [INFO] 💀 玩家死亡，将在 3.2 秒后重生
[2026-06-20T03:53:28.972Z] [INFO] 🔄 已发送重生请求
[2026-06-20T03:53:59.716Z] [INFO] 💀 玩家死亡，将在 3.0 秒后重生
[2026-06-20T03:54:02.973Z] [INFO] 🔄 已发送重生请求
[2026-06-20T03:54:11.372Z] [INFO] 💀 玩家死亡，将在 4.9 秒后重生
[2026-06-20T03:54:16.634Z] [INFO] 🔄 已发送重生请求
[2026-06-20T03:58:35.256Z] [INFO] 🔌 断开连接: 服务器关闭
[2026-06-20T03:58:35.264Z] [INFO] ⚠️ 非网络断开: 服务器关闭，尝试重连但可能无效
[2026-06-20T03:58:35.270Z] [INFO] 🔄 将在 5.0 秒后尝试第 1 次重连 (延迟策略)
[2026-06-20T03:58:43.204Z] [INFO] 🤖 机器人 Bot 已上线！
[2026-06-20T03:58:44.743Z] [INFO] 🚫 被服务器踢出: [object Object]
[2026-06-20T03:58:44.816Z] [INFO] 🔌 断开连接: socketClosed
[2026-06-20T03:58:45.563Z] [INFO] 🤖 机器人 Bot 已上线！
[2026-06-20T03:59:56.128Z] [INFO] 💀 玩家死亡，将在 5.0 秒后重生
[2026-06-20T04:00:01.095Z] [INFO] 🔄 已发送重生请求
[2026-06-20T04:00:08.139Z] [INFO] 💀 玩家死亡，将在 3.7 秒后重生
[2026-06-20T04:00:11.851Z] [INFO] 🔄 已发送重生请求
[2026-06-20T04:00:19.729Z] [INFO] 💀 玩家死亡，将在 2.4 秒后重生
[2026-06-20T04:00:22.160Z] [INFO] 🔄 已发送重生请求
[2026-06-20T04:08:40.215Z] [INFO] 🤖 机器人 Bot 已上线！
[2026-06-20T04:13:31.578Z] [INFO] 🔌 断开连接: 服务器关闭
[2026-06-20T04:13:31.589Z] [INFO] 🔄 将在 5.0 秒后尝试第 1 次重连 (延迟策略)
[2026-06-20T04:13:39.504Z] [INFO] 🤖 机器人 Bot 已上线！
[2026-06-20T04:13:40.144Z] [INFO] 🔌 断开连接: socketClosed
[2026-06-20T04:13:40.151Z] [INFO] 🔄 将在 5.0 秒后尝试第 1 次重连 (延迟策略)
[2026-06-20T04:13:46.305Z] [INFO] 🔌 断开连接: socketClosed
[2026-06-20T04:13:46.309Z] [INFO] 🔄 将在 5.0 秒后尝试第 1 次重连 (延迟策略)
[2026-06-20T04:13:46.879Z] [INFO] 🤖 机器人 Bot 已上线！
[2026-06-20T04:13:51.806Z] [INFO] 🔌 断开连接: socketClosed
[2026-06-20T04:13:51.811Z] [INFO] 🔄 将在 5.0 秒后尝试第 1 次重连 (延迟策略)
[2026-06-20T04:13:52.287Z] [INFO] 🤖 机器人 Bot 已上线！
[2026-06-20T04:13:57.323Z] [INFO] 🔌 断开连接: socketClosed
[2026-06-20T04:13:57.327Z] [INFO] 🔄 将在 5.0 秒后尝试第 1 次重连 (延迟策略)
[2026-06-20T04:13:57.712Z] [INFO] 🤖 机器人 Bot 已上线！
[2026-06-20T04:14:02.811Z] [INFO] 🔌 断开连接: socketClosed
[2026-06-20T04:14:02.814Z] [INFO] 🔄 将在 5.0 秒后尝试第 1 次重连 (延迟策略)
[2026-06-20T04:14:03.303Z] [INFO] 🤖 机器人 Bot 已上线！
[2026-06-20T04:14:08.813Z] [ERROR] ❌ 错误: write ECONNABORTED
[2026-06-20T04:14:08.824Z] [INFO] 🔌 断开连接: socketClosed
[2026-06-20T04:14:08.863Z] [INFO] 🔄 将在 5.0 秒后尝试第 1 次重连 (延迟策略)
[2026-06-20T04:14:09.130Z] [INFO] 🤖 机器人 Bot 已上线！
[2026-06-20T04:14:14.821Z] [ERROR] ❌ 错误: write ECONNABORTED
[2026-06-20T04:14:14.824Z] [INFO] 🔌 断开连接: socketClosed
[2026-06-20T04:14:14.827Z] [INFO] 🔄 将在 5.0 秒后尝试第 1 次重连 (延迟策略)
[2026-06-20T04:14:15.211Z] [INFO] 🤖 机器人 Bot 已上线！
[2026-06-20T04:14:20.436Z] [ERROR] ❌ 错误: write ECONNABORTED
[2026-06-20T04:14:20.440Z] [INFO] 🔌 断开连接: socketClosed
[2026-06-20T04:14:20.443Z] [INFO] 🔄 将在 5.0 秒后尝试第 1 次重连 (延迟策略)
[2026-06-20T04:14:20.928Z] [INFO] 🤖 机器人 Bot 已上线！
[2026-06-20T04:14:26.086Z] [INFO] 🔌 断开连接: socketClosed
[2026-06-20T04:14:26.091Z] [INFO] 🔄 将在 5.0 秒后尝试第 1 次重连 (延迟策略)
[2026-06-20T04:14:27.007Z] [INFO] 🤖 机器人 Bot 已上线！
[2026-06-20T04:14:35.546Z] [INFO] 🔌 断开连接: socketClosed
[2026-06-20T04:14:35.559Z] [INFO] 🔄 将在 5.0 秒后尝试第 1 次重连 (延迟策略)
[2026-06-20T04:14:35.566Z] [INFO] 🤖 机器人 Bot 已上线！
[2026-06-20T04:14:46.957Z] [INFO] 🤖 机器人 Bot 已上线！
[2026-06-20T04:18:18.909Z] [INFO] 🤖 机器人 Bot 已上线！
[2026-06-20T04:22:37.067Z] [INFO] 💀 玩家死亡，将在 2.3 秒后重生
[2026-06-20T04:22:45.282Z] [INFO] 🔄 已发送重生请求
